<?xml version="1.0" encoding="UTF-8" ?>
<testsuite tests="1" failures="0" name="com.mycomp.mymaven.TestSayHello" time="0.003" errors="0" skipped="0">
  <properties>
    <property name="java.runtime.name" value="Java(TM) SE Runtime Environment"/>
    <property name="sun.boot.library.path" value="C:\dev\Java\jdk1.8.0_231\jre\bin"/>
    <property name="java.vm.version" value="25.231-b11"/>
    <property name="java.vm.vendor" value="Oracle Corporation"/>
    <property name="maven.multiModuleProjectDirectory" value="H:\Eclipse_workspace\MyMaven"/>
    <property name="java.vendor.url" value="http://java.oracle.com/"/>
    <property name="path.separator" value=";"/>
    <property name="guice.disable.misplaced.annotation.check" value="true"/>
    <property name="java.vm.name" value="Java HotSpot(TM) 64-Bit Server VM"/>
    <property name="file.encoding.pkg" value="sun.io"/>
    <property name="user.script" value=""/>
    <property name="user.country" value="CN"/>
    <property name="sun.java.launcher" value="SUN_STANDARD"/>
    <property name="sun.os.patch.level" value=""/>
    <property name="java.vm.specification.name" value="Java Virtual Machine Specification"/>
    <property name="user.dir" value="H:\Eclipse_workspace\MyMaven"/>
    <property name="java.runtime.version" value="1.8.0_231-b11"/>
    <property name="java.awt.graphicsenv" value="sun.awt.Win32GraphicsEnvironment"/>
    <property name="java.endorsed.dirs" value="C:\dev\Java\jdk1.8.0_231\jre\lib\endorsed"/>
    <property name="os.arch" value="amd64"/>
    <property name="java.io.tmpdir" value="C:\Users\zzq52\AppData\Local\Temp\"/>
    <property name="line.separator" value="
"/>
    <property name="java.vm.specification.vendor" value="Oracle Corporation"/>
    <property name="user.variant" value=""/>
    <property name="os.name" value="Windows 10"/>
    <property name="classworlds.conf" value="H:\Eclipse_workspace\.metadata\.plugins\org.eclipse.m2e.launching\launches\m2conf8647922999806769914.tmp"/>
    <property name="sun.jnu.encoding" value="GBK"/>
    <property name="java.library.path" value="C:\dev\Java\jdk1.8.0_231\bin;C:\WINDOWS\Sun\Java\bin;C:\WINDOWS\system32;C:\WINDOWS;C:/dev/Java/jdk1.8.0_231/bin/../jre/bin/server;C:/dev/Java/jdk1.8.0_231/bin/../jre/bin;C:/dev/Java/jdk1.8.0_231/bin/../jre/lib/amd64;C:\Windows\system32;C:\Windows;C:\Windows\System32\Wbem;C:\Windows\System32\WindowsPowerShell\v1.0\;C:\Windows\System32\OpenSSH\;C:\Program Files (x86)\Intel\Intel(R) Management Engine Components\DAL;C:\Program Files\Intel\Intel(R) Management Engine Components\DAL;C:\Program Files (x86)\NVIDIA Corporation\PhysX\Common;C:\Program Files\NVIDIA Corporation\NVIDIA NGX;C:\Program Files\NVIDIA Corporation\NVIDIA NvDLISR;C:\WINDOWS\system32;C:\WINDOWS;C:\WINDOWS\System32\Wbem;C:\WINDOWS\System32\WindowsPowerShell\v1.0\;C:\WINDOWS\System32\OpenSSH\;C:\dev\Java\jdk1.8.0_231\bin;C:\dev\Java\jdk1.8.0_231\jre\bin;C:\dev\Java\jdk-11.0.5\bin;C:\dev\Java\jdk-11.0.5\jre\bin;C:\dev\Java\jdk-13.0.1\bin;C:\dev\Java\jdk-13.0.1\jre\bin;C:\dev\Git\cmd;C:\dev\Git\bin;C:\dev\Python\Python37;C:\dev\Python\Python37\Scripts;C:\dev\Python\Python27;C:\dev\Python\Python27\Scripts;C:\dev\Python\Python38-32;C:\dev\Python\Python38-32\Scripts;D:\PuTTY\;C:\Program Files\dotnet\;C:\dev\MinGW\bin;C:\dev\nodejs\;C:\ProgramData\chocolatey\bin;C:\dev\nodejs\node_modules\node_global;C:\Program Files\MySQL\MySQL Server 8.0\bin;D:\SVN\VisualSVN Server\bin;D:\SVN\TortoiseSVN\bin;C:\dev\Apache Software Foundation\Tomcat 9.0\bin;C:\dev\Maven\apache-maven-3.6.3\bin;C:\Program Files\MySQL\MySQL Shell 8.0\bin\;C:\dev\Python\Python37\Scripts\;C:\dev\Python\Python37\;D:\JetBrains\PyCharm 2019.3.1\bin;;C:\Users\zzq52\AppData\Roaming\npm;D:\Microsoft IDE\Microsoft VS Code\bin;D:\eclipse;;."/>
    <property name="java.specification.name" value="Java Platform API Specification"/>
    <property name="java.class.version" value="52.0"/>
    <property name="sun.management.compiler" value="HotSpot 64-Bit Tiered Compilers"/>
    <property name="os.version" value="10.0"/>
    <property name="user.home" value="C:\Users\zzq52"/>
    <property name="user.timezone" value="Asia/Shanghai"/>
    <property name="java.awt.printerjob" value="sun.awt.windows.WPrinterJob"/>
    <property name="java.specification.version" value="1.8"/>
    <property name="file.encoding" value="UTF-8"/>
    <property name="user.name" value="zzq52"/>
    <property name="java.class.path" value="C:\dev\Maven\apache-maven-3.6.3\boot\plexus-classworlds-2.6.0.jar"/>
    <property name="java.vm.specification.version" value="1.8"/>
    <property name="sun.arch.data.model" value="64"/>
    <property name="java.home" value="C:\dev\Java\jdk1.8.0_231\jre"/>
    <property name="sun.java.command" value="org.codehaus.plexus.classworlds.launcher.Launcher -B -gs C:\dev\Maven\apache-maven-3.6.3\conf\settings.xml -s C:\dev\Maven\apache-maven-3.6.3\conf\settings.xml install"/>
    <property name="java.specification.vendor" value="Oracle Corporation"/>
    <property name="user.language" value="zh"/>
    <property name="awt.toolkit" value="sun.awt.windows.WToolkit"/>
    <property name="java.vm.info" value="mixed mode"/>
    <property name="java.version" value="1.8.0_231"/>
    <property name="java.ext.dirs" value="C:\dev\Java\jdk1.8.0_231\jre\lib\ext;C:\WINDOWS\Sun\Java\lib\ext"/>
    <property name="sun.boot.class.path" value="C:\dev\Java\jdk1.8.0_231\jre\lib\resources.jar;C:\dev\Java\jdk1.8.0_231\jre\lib\rt.jar;C:\dev\Java\jdk1.8.0_231\jre\lib\sunrsasign.jar;C:\dev\Java\jdk1.8.0_231\jre\lib\jsse.jar;C:\dev\Java\jdk1.8.0_231\jre\lib\jce.jar;C:\dev\Java\jdk1.8.0_231\jre\lib\charsets.jar;C:\dev\Java\jdk1.8.0_231\jre\lib\jfr.jar;C:\dev\Java\jdk1.8.0_231\jre\classes"/>
    <property name="java.vendor" value="Oracle Corporation"/>
    <property name="maven.home" value="C:\dev\Maven\apache-maven-3.6.3"/>
    <property name="file.separator" value="\"/>
    <property name="java.vendor.url.bug" value="http://bugreport.sun.com/bugreport/"/>
    <property name="sun.cpu.endian" value="little"/>
    <property name="sun.io.unicode.encoding" value="UnicodeLittle"/>
    <property name="sun.desktop" value="windows"/>
    <property name="sun.cpu.isalist" value="amd64"/>
  </properties>
  <testcase classname="com.mycomp.mymaven.TestSayHello" name="testHello" time="0.003"/>
</testsuite>